<?xml version="1.0" encoding="UTF-8"?>
<testsuite name="BlockchainTest" tests="1" skipped="0" failures="0" errors="0" timestamp="2022-11-13T13:18:22" hostname="N303472" time="0.407">
  <properties/>
  <testcase name="start" classname="BlockchainTest" time="0.407"/>
  <system-out><![CDATA[?[1;31m
Start test 1?[0m
Enter how many zeros the hash must start with: > 0

Block:
Id: 1
Timestamp: 1668345503058
Magic number: 675470410
Hash of the previous block: 
0
Hash of the block: 
d383ade8b1289f649ac544324371521489aa0ad9f04e3787f393af7c10b796bc
Block was generating for 0 seconds

Block:
Id: 2
Timestamp: 1668345503062
Magic number: -1119061751
Hash of the previous block: 
d383ade8b1289f649ac544324371521489aa0ad9f04e3787f393af7c10b796bc
Hash of the block: 
6e9931f02b1c38807370a9a0463f231554d17474b4ec53b24c384fc582dccc60
Block was generating for 0 seconds

Block:
Id: 3
Timestamp: 1668345503062
Magic number: 1711351543
Hash of the previous block: 
6e9931f02b1c38807370a9a0463f231554d17474b4ec53b24c384fc582dccc60
Hash of the block: 
82148464e7ec723bdeb2221417544b346cdfcdc01baaed6ace24123366fce3c7
Block was generating for 0 seconds

Block:
Id: 4
Timestamp: 1668345503062
Magic number: 494917787
Hash of the previous block: 
82148464e7ec723bdeb2221417544b346cdfcdc01baaed6ace24123366fce3c7
Hash of the block: 
aef20ef88ecb3c1b8183771c7d4100d3aa09ec61ff6c58b0ff845e8a89773ecc
Block was generating for 0 seconds

Block:
Id: 5
Timestamp: 1668345503062
Magic number: -404845464
Hash of the previous block: 
aef20ef88ecb3c1b8183771c7d4100d3aa09ec61ff6c58b0ff845e8a89773ecc
Hash of the block: 
1fe4da204e4b3eee8a2c756b5e2b28dc53c3df1a163e169b82a36f338fd4f452
Block was generating for 0 seconds

?[1;31m
Start test 2?[0m
Enter how many zeros the hash must start with: > 1

Block:
Id: 1
Timestamp: 1668345503138
Magic number: 189560507
Hash of the previous block: 
0
Hash of the block: 
059e90b1263b2f85a4fcd33e8ae6ff3e2e322b62a6b2c182521bf96606254add
Block was generating for 0 seconds

Block:
Id: 2
Timestamp: 1668345503139
Magic number: -2016346675
Hash of the previous block: 
059e90b1263b2f85a4fcd33e8ae6ff3e2e322b62a6b2c182521bf96606254add
Hash of the block: 
008ec7a711fcaaab76d357b229eb6fa3e413c069ea7597e4668360c4359753ea
Block was generating for 0 seconds

Block:
Id: 3
Timestamp: 1668345503139
Magic number: 860587017
Hash of the previous block: 
008ec7a711fcaaab76d357b229eb6fa3e413c069ea7597e4668360c4359753ea
Hash of the block: 
0f47bc23b45432ef171f5d7ae20e1069558be02b864879b3bae6ad3d512fd661
Block was generating for 0 seconds

Block:
Id: 4
Timestamp: 1668345503140
Magic number: -1915498352
Hash of the previous block: 
0f47bc23b45432ef171f5d7ae20e1069558be02b864879b3bae6ad3d512fd661
Hash of the block: 
0202c7d571365ad249d10d66aee9164952f72cf895da6b262b760e6d9577c6be
Block was generating for 0 seconds

Block:
Id: 5
Timestamp: 1668345503140
Magic number: 194400957
Hash of the previous block: 
0202c7d571365ad249d10d66aee9164952f72cf895da6b262b760e6d9577c6be
Hash of the block: 
0f676221a315338496722048f1e1e36c56c4121933898c369ece2186c3c3432a
Block was generating for 0 seconds

?[1;31m
Start test 3?[0m
Enter how many zeros the hash must start with: > 2

Block:
Id: 1
Timestamp: 1668345503187
Magic number: -265344598
Hash of the previous block: 
0
Hash of the block: 
0030fbb0418bf89c406fccc894ea2fc985865741dc1eec5e858a9005ad669f01
Block was generating for 0 seconds

Block:
Id: 2
Timestamp: 1668345503188
Magic number: -1305270803
Hash of the previous block: 
0030fbb0418bf89c406fccc894ea2fc985865741dc1eec5e858a9005ad669f01
Hash of the block: 
002852a58bad6ee028d1e82e75b5944bdbb798a507741094dc296ea76a31247f
Block was generating for 0 seconds

Block:
Id: 3
Timestamp: 1668345503188
Magic number: -588837396
Hash of the previous block: 
002852a58bad6ee028d1e82e75b5944bdbb798a507741094dc296ea76a31247f
Hash of the block: 
00f05915737da00c94a797f42c7945d2ea9df66c3069a856123c9ae244719e82
Block was generating for 0 seconds

Block:
Id: 4
Timestamp: 1668345503188
Magic number: -610300189
Hash of the previous block: 
00f05915737da00c94a797f42c7945d2ea9df66c3069a856123c9ae244719e82
Hash of the block: 
00c31e0236f06c5683366c4b41ea3efbd5e75a202f6a6e88e2397b9de12ffe7a
Block was generating for 0 seconds

Block:
Id: 5
Timestamp: 1668345503189
Magic number: -1150094863
Hash of the previous block: 
00c31e0236f06c5683366c4b41ea3efbd5e75a202f6a6e88e2397b9de12ffe7a
Hash of the block: 
007db28e778212ed87e0fc0bcdd0800dba44b590cee73ccbd3523009bf59dbb3
Block was generating for 0 seconds

?[1;31m
Start test 4?[0m
Enter how many zeros the hash must start with: > 0

Block:
Id: 1
Timestamp: 1668345503242
Magic number: 1800679554
Hash of the previous block: 
0
Hash of the block: 
d5e04aa86e6092b1dddb10ef44be468e4430ea2e270eeedc9760aaf3a31788f5
Block was generating for 0 seconds

Block:
Id: 2
Timestamp: 1668345503243
Magic number: -1862608392
Hash of the previous block: 
d5e04aa86e6092b1dddb10ef44be468e4430ea2e270eeedc9760aaf3a31788f5
Hash of the block: 
07f05cf9d8838f0e49d420ce5160339ab1ad46be8b5a24a3fe03c80a1adc15fb
Block was generating for 0 seconds

Block:
Id: 3
Timestamp: 1668345503243
Magic number: -1432461543
Hash of the previous block: 
07f05cf9d8838f0e49d420ce5160339ab1ad46be8b5a24a3fe03c80a1adc15fb
Hash of the block: 
5e93a4b148fb2c7ef7abe01a615976b3ecea5c0079efc9c5869c7609e5819eff
Block was generating for 0 seconds

Block:
Id: 4
Timestamp: 1668345503243
Magic number: -1473328202
Hash of the previous block: 
5e93a4b148fb2c7ef7abe01a615976b3ecea5c0079efc9c5869c7609e5819eff
Hash of the block: 
b7d580d8dec50b28f1ace61b390a02fb6aaa7aaf9864793148ef3cc85d187a02
Block was generating for 0 seconds

Block:
Id: 5
Timestamp: 1668345503243
Magic number: -1420931497
Hash of the previous block: 
b7d580d8dec50b28f1ace61b390a02fb6aaa7aaf9864793148ef3cc85d187a02
Hash of the block: 
030ef39bfe36b701624b5607193d2910edcc142498a4e372fcec40d8f91da211
Block was generating for 0 seconds

?[1;31m
Start test 5?[0m
Enter how many zeros the hash must start with: > 1

Block:
Id: 1
Timestamp: 1668345503299
Magic number: 164189966
Hash of the previous block: 
0
Hash of the block: 
0a94ad27f449785d53bf73de5086c0e002c009b378eacf87e8f187e7bfe2bce8
Block was generating for 0 seconds

Block:
Id: 2
Timestamp: 1668345503300
Magic number: -1914645112
Hash of the previous block: 
0a94ad27f449785d53bf73de5086c0e002c009b378eacf87e8f187e7bfe2bce8
Hash of the block: 
0cca78a8281b979e4d5e92c45e677ab94b3f8a5de114185a8e05a82623263a15
Block was generating for 0 seconds

Block:
Id: 3
Timestamp: 1668345503300
Magic number: -1513614373
Hash of the previous block: 
0cca78a8281b979e4d5e92c45e677ab94b3f8a5de114185a8e05a82623263a15
Hash of the block: 
036965fde4ba6a47b80b94144ccc42db639105ce954bffd63c912247d96088e8
Block was generating for 0 seconds

Block:
Id: 4
Timestamp: 1668345503300
Magic number: 1636744379
Hash of the previous block: 
036965fde4ba6a47b80b94144ccc42db639105ce954bffd63c912247d96088e8
Hash of the block: 
0bcbdd4da41330e606e42762e4cbf688451e26b4161628bb19fa95749fed4340
Block was generating for 0 seconds

Block:
Id: 5
Timestamp: 1668345503300
Magic number: 2020797976
Hash of the previous block: 
0bcbdd4da41330e606e42762e4cbf688451e26b4161628bb19fa95749fed4340
Hash of the block: 
0c872ea72aee391645875c2ca4607f8241f10b23ce732963c5cb101fa1922ec8
Block was generating for 0 seconds

?[1;31m
Start test 6?[0m
Enter how many zeros the hash must start with: > 2

Block:
Id: 1
Timestamp: 1668345503347
Magic number: 1928496979
Hash of the previous block: 
0
Hash of the block: 
008a5150db046d9165b990d79a77c28b10cd5976b48300942e971d6a7f2960b7
Block was generating for 0 seconds

Block:
Id: 2
Timestamp: 1668345503348
Magic number: -975395316
Hash of the previous block: 
008a5150db046d9165b990d79a77c28b10cd5976b48300942e971d6a7f2960b7
Hash of the block: 
0096f6893df98d80b0055fc2f38dd1ba3fcb678e74cb293848d3e4b44800502d
Block was generating for 0 seconds

Block:
Id: 3
Timestamp: 1668345503348
Magic number: 2037307299
Hash of the previous block: 
0096f6893df98d80b0055fc2f38dd1ba3fcb678e74cb293848d3e4b44800502d
Hash of the block: 
002eb2ecf789d46697b70797f85d7d93e53edcb9f6beed140ebc450c76eda9f5
Block was generating for 0 seconds

Block:
Id: 4
Timestamp: 1668345503348
Magic number: 997128621
Hash of the previous block: 
002eb2ecf789d46697b70797f85d7d93e53edcb9f6beed140ebc450c76eda9f5
Hash of the block: 
00ed7225ed6a3e6eb631af4a0398f7105640bdd171945f8563fc3423971a7aa2
Block was generating for 0 seconds

Block:
Id: 5
Timestamp: 1668345503348
Magic number: -1492689458
Hash of the previous block: 
00ed7225ed6a3e6eb631af4a0398f7105640bdd171945f8563fc3423971a7aa2
Hash of the block: 
00cc66e86ffcb807b6af619092c25deeab86e9867cc26f83949df33b8d5a2a7c
Block was generating for 0 seconds

]]></system-out>
  <system-err><![CDATA[]]></system-err>
</testsuite>
